nullified :)
factor-ified
shuffled
[1] 1
divided
[1] "making predictions"
done-zo
[1] 2
divided
[1] "making predictions"
done-zo
[1] 3
divided
[1] "making predictions"
done-zo
[1] 4
divided
[1] "making predictions"
done-zo
[1] 5
divided
[1] "making predictions"
done-zo
[1] 6
divided
[1] "making predictions"
done-zo
[1] 7
divided
[1] "making predictions"
done-zo
[1] 8
divided
[1] "making predictions"
done-zo
[1] 9
divided
[1] "making predictions"
done-zo
[1] 10
divided
[1] "making predictions"
done-zo
[1] "Average accuracy: 0.271759878690572"
[1] "Hamming loss: 0.728240121309428"
