Loading required package: lattice
Loading required package: ggplot2
Loading required package: methods
file name: ../data/siddata.rds -- model type: nb -- sample size: 0
remove unnecessary buckets
ncol: 837
1
making models
30 day risk cost model made
60 day risk cost model made
60+ day risk cost model made
[1] "making predictions"
prediction done for cost of 30day risk
prediction done for cost of 60day risk
prediction done for cost of 60day+ risk
stored in preds and truths
2
making models
30 day risk cost model made
60 day risk cost model made
60+ day risk cost model made
[1] "making predictions"
prediction done for cost of 30day risk
prediction done for cost of 60day risk
prediction done for cost of 60day+ risk
stored in preds and truths
3
making models
30 day risk cost model made
60 day risk cost model made
60+ day risk cost model made
[1] "making predictions"
prediction done for cost of 30day risk
prediction done for cost of 60day risk
prediction done for cost of 60day+ risk
stored in preds and truths
4
making models
30 day risk cost model made
60 day risk cost model made
60+ day risk cost model made
[1] "making predictions"
prediction done for cost of 30day risk
prediction done for cost of 60day risk
prediction done for cost of 60day+ risk
stored in preds and truths
5
making models
30 day risk cost model made
60 day risk cost model made
60+ day risk cost model made
[1] "making predictions"
prediction done for cost of 30day risk
prediction done for cost of 60day risk
prediction done for cost of 60day+ risk
stored in preds and truths
6
making models
30 day risk cost model made
60 day risk cost model made
60+ day risk cost model made
[1] "making predictions"
prediction done for cost of 30day risk
prediction done for cost of 60day risk
prediction done for cost of 60day+ risk
stored in preds and truths
7
making models
30 day risk cost model made
60 day risk cost model made
60+ day risk cost model made
[1] "making predictions"
prediction done for cost of 30day risk
prediction done for cost of 60day risk
prediction done for cost of 60day+ risk
stored in preds and truths
8
making models
30 day risk cost model made
60 day risk cost model made
60+ day risk cost model made
[1] "making predictions"
prediction done for cost of 30day risk
prediction done for cost of 60day risk
prediction done for cost of 60day+ risk
stored in preds and truths
9
making models
30 day risk cost model made
60 day risk cost model made
60+ day risk cost model made
[1] "making predictions"
prediction done for cost of 30day risk
prediction done for cost of 60day risk
prediction done for cost of 60day+ risk
stored in preds and truths
10
making models
30 day risk cost model made
60 day risk cost model made
60+ day risk cost model made
[1] "making predictions"
prediction done for cost of 30day risk
prediction done for cost of 60day risk
prediction done for cost of 60day+ risk
stored in preds and truths
